7月 05, 2026 2:27:01 下午 com.example.sip0.core.sip.Log i
信息: start(): socket bound on 10.129.164.17:40000, server=ims.mnc001.mcc001.3gppnetwork.org:5060
7月 05, 2026 2:27:01 下午 com.example.sip0.core.sip.Log i
信息: recv thread started
7月 05, 2026 2:27:01 下午 com.example.sip0.core.sip.Log i
信息: register(): sending REGISTER for '001012345678905' to ims.mnc001.mcc001.3gppnetwork.org:5060
7月 05, 2026 2:27:01 下午 com.example.sip0.core.sip.Log i
信息: Response 100 for REGISTER
7月 05, 2026 2:27:01 下午 com.example.sip0.core.sip.Log i
信息: Response 401 for REGISTER
7月 05, 2026 2:27:01 下午 com.example.sip0.core.sip.Log i
信息: Response 100 for REGISTER
7月 05, 2026 2:27:01 下午 com.example.sip0.core.sip.Log i
信息: Response 403 for REGISTER
7月 05, 2026 2:27:58 下午 com.example.sip0.core.sip.Log i
信息: start(): closing old socket before restart
7月 05, 2026 2:27:58 下午 com.example.sip0.core.sip.Log i
信息: recv thread exited
7月 05, 2026 2:27:58 下午 com.example.sip0.core.sip.Log i
信息: start(): socket bound on 10.129.164.17:40000, server=ims.mnc001.mcc001.3gppnetwork.org:5060
7月 05, 2026 2:27:58 下午 com.example.sip0.core.sip.Log i
信息: register(): sending REGISTER for '001012345678905' to ims.mnc001.mcc001.3gppnetwork.org:5060
7月 05, 2026 2:27:58 下午 com.example.sip0.core.sip.Log i
信息: recv thread started
7月 05, 2026 2:27:58 下午 com.example.sip0.core.sip.Log i
信息: Response 100 for REGISTER
7月 05, 2026 2:27:58 下午 com.example.sip0.core.sip.Log i
信息: Response 401 for REGISTER
7月 05, 2026 2:27:58 下午 com.example.sip0.core.sip.Log i
信息: Response 100 for REGISTER
7月 05, 2026 2:27:58 下午 com.example.sip0.core.sip.Log i
信息: Response 403 for REGISTER
7月 05, 2026 2:28:00 下午 com.example.sip0.core.sip.Log i
信息: start(): closing old socket before restart
7月 05, 2026 2:28:00 下午 com.example.sip0.core.sip.Log i
信息: recv thread exited
7月 05, 2026 2:28:00 下午 com.example.sip0.core.sip.Log i
信息: start(): socket bound on 10.129.164.17:40000, server=ims.mnc001.mcc001.3gppnetwork.org:5060
7月 05, 2026 2:28:00 下午 com.example.sip0.core.sip.Log i
信息: register(): sending REGISTER for '001012345678905' to ims.mnc001.mcc001.3gppnetwork.org:5060
7月 05, 2026 2:28:00 下午 com.example.sip0.core.sip.Log i
信息: recv thread started
7月 05, 2026 2:28:00 下午 com.example.sip0.core.sip.Log i
信息: Response 100 for REGISTER
7月 05, 2026 2:28:01 下午 com.example.sip0.core.sip.Log i
信息: Response 401 for REGISTER
7月 05, 2026 2:28:01 下午 com.example.sip0.core.sip.Log i
信息: Response 100 for REGISTER
7月 05, 2026 2:28:01 下午 com.example.sip0.core.sip.Log i
信息: Response 403 for REGISTER
7月 05, 2026 2:28:02 下午 com.example.sip0.core.sip.Log i
信息: start(): closing old socket before restart
7月 05, 2026 2:28:02 下午 com.example.sip0.core.sip.Log i
信息: recv thread exited
7月 05, 2026 2:28:02 下午 com.example.sip0.core.sip.Log i
信息: start(): socket bound on 10.129.164.17:40000, server=ims.mnc001.mcc001.3gppnetwork.org:5060
7月 05, 2026 2:28:02 下午 com.example.sip0.core.sip.Log i
信息: register(): sending REGISTER for '001012345678905' to ims.mnc001.mcc001.3gppnetwork.org:5060
7月 05, 2026 2:28:02 下午 com.example.sip0.core.sip.Log i
信息: recv thread started
7月 05, 2026 2:28:02 下午 com.example.sip0.core.sip.Log i
信息: Response 100 for REGISTER
7月 05, 2026 2:28:02 下午 com.example.sip0.core.sip.Log i
信息: Response 401 for REGISTER
7月 05, 2026 2:28:02 下午 com.example.sip0.core.sip.Log i
信息: Response 100 for REGISTER
7月 05, 2026 2:28:02 下午 com.example.sip0.core.sip.Log i
信息: Response 403 for REGISTER
7月 05, 2026 2:28:04 下午 com.example.sip0.core.sip.Log i
信息: start(): closing old socket before restart
7月 05, 2026 2:28:04 下午 com.example.sip0.core.sip.Log i
信息: recv thread exited
7月 05, 2026 2:28:04 下午 com.example.sip0.core.sip.Log i
信息: start(): socket bound on 10.129.164.17:40000, server=ims.mnc001.mcc001.3gppnetwork.org:5060
7月 05, 2026 2:28:04 下午 com.example.sip0.core.sip.Log i
信息: register(): sending REGISTER for '001012345678905' to ims.mnc001.mcc001.3gppnetwork.org:5060
7月 05, 2026 2:28:04 下午 com.example.sip0.core.sip.Log i
信息: recv thread started
7月 05, 2026 2:28:04 下午 com.example.sip0.core.sip.Log i
信息: Response 100 for REGISTER
7月 05, 2026 2:28:04 下午 com.example.sip0.core.sip.Log i
信息: Response 401 for REGISTER
7月 05, 2026 2:28:04 下午 com.example.sip0.core.sip.Log i
信息: Response 100 for REGISTER
7月 05, 2026 2:28:04 下午 com.example.sip0.core.sip.Log i
信息: Response 403 for REGISTER
7月 05, 2026 2:31:15 下午 com.example.sip0.core.sip.Log i
信息: start(): closing old socket before restart
7月 05, 2026 2:31:15 下午 com.example.sip0.core.sip.Log i
信息: recv thread exited
7月 05, 2026 2:31:15 下午 com.example.sip0.core.sip.Log i
信息: start(): socket bound on 10.129.164.17:40000, server=ims.mnc001.mcc001.3gppnetwork.org:5060
7月 05, 2026 2:31:15 下午 com.example.sip0.core.sip.Log i
信息: register(): sending REGISTER for '001012345678905' to ims.mnc001.mcc001.3gppnetwork.org:5060
7月 05, 2026 2:31:15 下午 com.example.sip0.core.sip.Log i
信息: recv thread started
7月 05, 2026 2:31:15 下午 com.example.sip0.core.sip.Log i
信息: Response 100 for REGISTER
7月 05, 2026 2:31:15 下午 com.example.sip0.core.sip.Log i
信息: Response 401 for REGISTER
7月 05, 2026 2:31:15 下午 com.example.sip0.core.sip.Log i
信息: Response 100 for REGISTER
7月 05, 2026 2:31:15 下午 com.example.sip0.core.sip.Log i
信息: Response 200 for REGISTER
7月 05, 2026 2:31:15 下午 com.example.sip0.core.sip.Log i
信息: Response 100 for REGISTER
7月 05, 2026 2:31:15 下午 com.example.sip0.core.sip.Log i
信息: Response 200 for OPTIONS
7月 05, 2026 2:31:16 下午 com.example.sip0.core.sip.Log i
信息: Response 401 for REGISTER
7月 05, 2026 2:31:16 下午 com.example.sip0.core.sip.Log i
信息: Response 100 for REGISTER
7月 05, 2026 2:31:16 下午 com.example.sip0.core.sip.Log i
信息: start(): closing old socket before restart
7月 05, 2026 2:31:16 下午 com.example.sip0.core.sip.Log i
信息: recv thread exited
7月 05, 2026 2:31:16 下午 com.example.sip0.core.sip.Log i
信息: start(): socket bound on 10.129.164.17:40000, server=ims.mnc001.mcc001.3gppnetwork.org:5060
7月 05, 2026 2:31:16 下午 com.example.sip0.core.sip.Log i
信息: register(): sending REGISTER for '001012345678905' to ims.mnc001.mcc001.3gppnetwork.org:5060
7月 05, 2026 2:31:16 下午 com.example.sip0.core.sip.Log i
信息: recv thread started
7月 05, 2026 2:31:16 下午 com.example.sip0.core.sip.Log i
信息: Response 100 for REGISTER
7月 05, 2026 2:31:16 下午 com.example.sip0.core.sip.Log i
信息: Response 401 for REGISTER
7月 05, 2026 2:31:16 下午 com.example.sip0.core.sip.Log i
信息: Response 100 for REGISTER
7月 05, 2026 2:31:16 下午 com.example.sip0.core.sip.Log i
信息: Response 200 for REGISTER
7月 05, 2026 2:31:36 下午 com.example.sip0.core.sip.Log i
信息: Response 200 for OPTIONS
7月 05, 2026 2:31:56 下午 com.example.sip0.core.sip.Log i
信息: Response 200 for OPTIONS
7月 05, 2026 2:32:16 下午 com.example.sip0.core.sip.Log i
信息: Response 100 for REGISTER
7月 05, 2026 2:32:16 下午 com.example.sip0.core.sip.Log i
信息: Response 401 for REGISTER
7月 05, 2026 2:32:16 下午 com.example.sip0.core.sip.Log i
信息: Response 100 for REGISTER
7月 05, 2026 2:32:16 下午 com.example.sip0.core.sip.Log i
信息: Response 200 for REGISTER
7月 05, 2026 2:32:17 下午 com.example.sip0.core.sip.Log i
信息: Response 200 for OPTIONS
7月 05, 2026 2:32:37 下午 com.example.sip0.core.sip.Log i
信息: Response 200 for OPTIONS
7月 05, 2026 2:32:58 下午 com.example.sip0.core.sip.Log i
信息: Response 200 for OPTIONS
7月 05, 2026 2:33:16 下午 com.example.sip0.core.sip.Log i
信息: Response 100 for REGISTER
7月 05, 2026 2:33:16 下午 com.example.sip0.core.sip.Log i
信息: Response 401 for REGISTER
7月 05, 2026 2:33:16 下午 com.example.sip0.core.sip.Log i
信息: Response 100 for REGISTER
7月 05, 2026 2:33:16 下午 com.example.sip0.core.sip.Log i
信息: Response 200 for REGISTER
7月 05, 2026 2:33:18 下午 com.example.sip0.core.sip.Log i
信息: Response 200 for OPTIONS
7月 05, 2026 2:33:39 下午 com.example.sip0.core.sip.Log i
信息: Response 200 for OPTIONS
7月 05, 2026 2:33:59 下午 com.example.sip0.core.sip.Log i
信息: Response 200 for OPTIONS
7月 05, 2026 2:34:16 下午 com.example.sip0.core.sip.Log i
信息: Response 100 for REGISTER
7月 05, 2026 2:34:16 下午 com.example.sip0.core.sip.Log i
信息: Response 401 for REGISTER
7月 05, 2026 2:34:16 下午 com.example.sip0.core.sip.Log i
信息: Response 100 for REGISTER
7月 05, 2026 2:34:17 下午 com.example.sip0.core.sip.Log i
信息: Response 200 for REGISTER
7月 05, 2026 2:34:19 下午 com.example.sip0.core.sip.Log i
信息: Response 200 for OPTIONS
7月 05, 2026 2:34:40 下午 com.example.sip0.core.sip.Log i
信息: Response 200 for OPTIONS
7月 05, 2026 2:35:00 下午 com.example.sip0.core.sip.Log i
信息: Response 200 for OPTIONS
7月 05, 2026 2:35:17 下午 com.example.sip0.core.sip.Log i
信息: Response 100 for REGISTER
7月 05, 2026 2:35:17 下午 com.example.sip0.core.sip.Log i
信息: Response 401 for REGISTER
7月 05, 2026 2:35:17 下午 com.example.sip0.core.sip.Log i
信息: Response 100 for REGISTER
7月 05, 2026 2:35:17 下午 com.example.sip0.core.sip.Log i
信息: Response 200 for REGISTER
7月 05, 2026 2:35:21 下午 com.example.sip0.core.sip.Log i
信息: Response 200 for OPTIONS
7月 05, 2026 2:35:41 下午 com.example.sip0.core.sip.Log i
信息: Response 200 for OPTIONS
7月 05, 2026 2:36:02 下午 com.example.sip0.core.sip.Log i
信息: Response 200 for OPTIONS
7月 05, 2026 2:36:17 下午 com.example.sip0.core.sip.Log i
信息: Response 100 for REGISTER
7月 05, 2026 2:36:17 下午 com.example.sip0.core.sip.Log i
信息: Response 401 for REGISTER
7月 05, 2026 2:36:17 下午 com.example.sip0.core.sip.Log i
信息: Response 100 for REGISTER
7月 05, 2026 2:36:17 下午 com.example.sip0.core.sip.Log i
信息: Response 200 for REGISTER
7月 05, 2026 2:36:22 下午 com.example.sip0.core.sip.Log i
信息: Response 200 for OPTIONS
7月 05, 2026 2:36:42 下午 com.example.sip0.core.sip.Log i
信息: Response 200 for OPTIONS
7月 05, 2026 2:37:03 下午 com.example.sip0.core.sip.Log i
信息: Response 200 for OPTIONS
7月 05, 2026 2:37:17 下午 com.example.sip0.core.sip.Log i
信息: Response 100 for REGISTER
7月 05, 2026 2:37:17 下午 com.example.sip0.core.sip.Log i
信息: Response 401 for REGISTER
7月 05, 2026 2:37:17 下午 com.example.sip0.core.sip.Log i
信息: Response 100 for REGISTER
7月 05, 2026 2:37:17 下午 com.example.sip0.core.sip.Log i
信息: Response 200 for REGISTER
7月 05, 2026 2:37:23 下午 com.example.sip0.core.sip.Log i
信息: Response 200 for OPTIONS
7月 05, 2026 2:37:44 下午 com.example.sip0.core.sip.Log i
信息: Response 200 for OPTIONS
7月 05, 2026 2:38:04 下午 com.example.sip0.core.sip.Log i
信息: Response 200 for OPTIONS
7月 05, 2026 2:38:17 下午 com.example.sip0.core.sip.Log i
信息: Response 100 for REGISTER
7月 05, 2026 2:38:18 下午 com.example.sip0.core.sip.Log i
信息: Response 401 for REGISTER
7月 05, 2026 2:38:18 下午 com.example.sip0.core.sip.Log i
信息: Response 100 for REGISTER
7月 05, 2026 2:38:18 下午 com.example.sip0.core.sip.Log i
信息: Response 200 for REGISTER
7月 05, 2026 2:38:25 下午 com.example.sip0.core.sip.Log i
信息: Response 200 for OPTIONS
