Starting a Gradle Daemon, 1 busy and 1 incompatible and 1 stopped Daemons could not be reused, use --status for details

> Configure project :app
WARNING: The option setting 'android.overridePathCheck=true' is experimental.
The current default is 'false'.

> Task :desktop-client:checkKotlinGradlePluginConfigurationErrors SKIPPED
> Task :desktop-client:convertXmlValueResourcesForMain NO-SOURCE
> Task :desktop-client:copyNonXmlValueResourcesForMain NO-SOURCE
> Task :desktop-client:prepareComposeResourcesTaskForMain NO-SOURCE
> Task :desktop-client:generateResourceAccessorsForMain SKIPPED
> Task :desktop-client:generateActualResourceCollectorsForMain SKIPPED
> Task :desktop-client:generateComposeResClass SKIPPED
> Task :messaging-client-core:checkKotlinGradlePluginConfigurationErrors SKIPPED
> Task :messaging-contract:checkKotlinGradlePluginConfigurationErrors SKIPPED
> Task :messaging-contract:compileKotlin UP-TO-DATE
> Task :messaging-contract:compileJava NO-SOURCE
> Task :messaging-contract:processResources NO-SOURCE
> Task :messaging-contract:classes UP-TO-DATE
> Task :messaging-contract:jar UP-TO-DATE
> Task :messaging-client-core:compileKotlin UP-TO-DATE
> Task :messaging-client-core:compileJava NO-SOURCE
> Task :messaging-client-core:processResources NO-SOURCE
> Task :messaging-client-core:classes UP-TO-DATE
> Task :messaging-client-core:jar UP-TO-DATE
> Task :rtp-core:checkKotlinGradlePluginConfigurationErrors SKIPPED
> Task :rtp-core:compileKotlin UP-TO-DATE
> Task :rtp-core:compileJava NO-SOURCE
> Task :rtp-core:processResources NO-SOURCE
> Task :rtp-core:classes UP-TO-DATE
> Task :rtp-core:jar UP-TO-DATE
> Task :sip-core:checkKotlinGradlePluginConfigurationErrors SKIPPED
> Task :sip-core:compileKotlin UP-TO-DATE
> Task :sip-core:compileJava NO-SOURCE
> Task :sip-core:processResources NO-SOURCE
> Task :sip-core:classes UP-TO-DATE
> Task :sip-core:jar UP-TO-DATE
> Task :desktop-client:compileKotlin UP-TO-DATE
> Task :desktop-client:compileJava NO-SOURCE
> Task :desktop-client:assembleMainResources UP-TO-DATE
> Task :desktop-client:processResources UP-TO-DATE
> Task :desktop-client:classes UP-TO-DATE
> Task :desktop-client:jar UP-TO-DATE
> Task :desktop-client:prepareAppResources NO-SOURCE
> Task :desktop-client:run
DesktopCallController: resolved local IPv4 10.129.164.17 for server ims.mnc001.mcc001.3gppnetwork.org:5060
DesktopCallController: resolved local IPv4 10.129.164.17 for server ims.mnc001.mcc001.3gppnetwork.org:5060
DesktopCallController: resolved local IPv4 10.129.164.17 for server ims.mnc001.mcc001.3gppnetwork.org:5060
DesktopCallController: resolved local IPv4 10.129.164.17 for server ims.mnc001.mcc001.3gppnetwork.org:5060
DesktopCallController: resolved local IPv4 10.129.164.17 for server ims.mnc001.mcc001.3gppnetwork.org:5060
DesktopCallController: resolved local IPv4 10.129.164.17 for server ims.mnc001.mcc001.3gppnetwork.org:5060
DesktopCallController: resolved local IPv4 10.129.164.17 for server ims.mnc001.mcc001.3gppnetwork.org:5060

[Incubating] Problems report is available at: file:///G:/study/Third/lab/sip/build/reports/problems/problems-report.html

Deprecated Gradle features were used in this build, making it incompatible with Gradle 9.0.

You can use '--warning-mode all' to show the individual deprecation warnings and determine if they come from your own scripts or plugins.

For more on this, please refer to https://docs.gradle.org/8.13/userguide/command_line_interface.html#sec:command_line_warnings in the Gradle documentation.

BUILD SUCCESSFUL in 16m 21s
13 actionable tasks: 1 executed, 12 up-to-date
